Iteration	Posterior	Likelihood	Prior	birth	er[1]	er[2]	er[3]	er[4]	er[5]	er[6]	pi[1]	pi[2]	pi[3]	pi[4]
0	-23844	-23744.9	-99.106	0.0375251	0.0696361	0.00946877	0.349096	0.17683	0.143465	0.251504	0.316428	0.315256	0.220567	0.147749
100	-15413.8	-15314.9	-98.9403	0.0375251	0.176159	0.283143	0.0553554	0.0216799	0.454283	0.00937986	0.2417	0.277514	0.140297	0.340489
200	-15409.9	-15311	-98.9352	0.0375251	0.175338	0.243273	0.0512778	0.0240113	0.498275	0.00782512	0.247347	0.259373	0.152873	0.340407
300	-15416.9	-15318	-98.9322	0.0375251	0.202111	0.246834	0.0449606	0.0260873	0.47573	0.00427716	0.253648	0.249352	0.151148	0.345851
400	-15406.7	-15307.8	-98.9334	0.0375251	0.174771	0.272238	0.0507621	0.0200664	0.47193	0.0102317	0.23988	0.246433	0.158393	0.355294
500	-15403.9	-15304.9	-98.9334	0.0375251	0.189108	0.255565	0.0480017	0.0227114	0.474083	0.0105312	0.242305	0.248568	0.164476	0.344651
600	-15406.5	-15307.6	-98.9339	0.0375251	0.188319	0.273693	0.0518569	0.0218904	0.45553	0.00871022	0.249666	0.251645	0.150057	0.348632
700	-15412.8	-15313.9	-98.9378	0.0375251	0.182686	0.293073	0.0447858	0.0168208	0.450507	0.0121278	0.235475	0.265886	0.146823	0.351816
800	-15412	-15313.1	-98.9334	0.0375251	0.211687	0.232824	0.0433024	0.0197648	0.486045	0.00637604	0.241651	0.24327	0.159701	0.355379
900	-15408.4	-15309.4	-98.936	0.0375251	0.176832	0.268842	0.0464596	0.0259	0.469827	0.0121396	0.248023	0.260876	0.147114	0.343986
1000	-15408.3	-15309.3	-98.9364	0.0375251	0.198189	0.243509	0.0445451	0.0238224	0.479741	0.0101922	0.243543	0.249282	0.150005	0.35717
1100	-15404	-15305	-98.9359	0.0375251	0.185412	0.263418	0.0461231	0.022949	0.47505	0.00704779	0.251046	0.251097	0.14384	0.354017
1200	-15405.6	-15306.6	-98.9304	0.0375251	0.19089	0.259317	0.043072	0.0197733	0.481081	0.00586673	0.246367	0.247739	0.160004	0.345889
1300	-15409.1	-15310.1	-98.9308	0.0375251	0.202563	0.246328	0.0485384	0.0208819	0.47301	0.00867852	0.250281	0.241235	0.152235	0.356249
1400	-15381.4	-15282.5	-98.9326	0.0375251	0.192151	0.258944	0.0528852	0.0206467	0.465606	0.00976815	0.248173	0.26355	0.144278	0.343999
1500	-15383.5	-15284.6	-98.9345	0.0375251	0.193294	0.245895	0.0537038	0.0198137	0.476322	0.0109716	0.253356	0.249355	0.153464	0.343825
1600	-15386.5	-15287.6	-98.9346	0.0375251	0.177715	0.268076	0.0558502	0.0255028	0.462124	0.0107324	0.248025	0.258516	0.1543	0.339159
1700	-15394.2	-15295.3	-98.9409	0.0375251	0.179538	0.269764	0.0550113	0.0245901	0.460689	0.0104072	0.246779	0.269213	0.134796	0.349211
1800	-15390.6	-15291.7	-98.9358	0.0375251	0.187556	0.275278	0.0419858	0.0265217	0.461111	0.00754736	0.239985	0.260383	0.155672	0.34396
1900	-15385.7	-15286.8	-98.9343	0.0375251	0.184072	0.243362	0.0569616	0.0190081	0.485054	0.0115422	0.240444	0.260817	0.157227	0.341512
2000	-15386.6	-15287.7	-98.9348	0.0375251	0.18555	0.279723	0.0542438	0.0182593	0.451791	0.0104329	0.242739	0.256863	0.160067	0.340331
2100	-15389.5	-15290.6	-98.9351	0.0375251	0.178005	0.253447	0.0487398	0.0304178	0.478456	0.0109345	0.253621	0.261971	0.143081	0.341327
2200	-15393	-15294.1	-98.9389	0.0375251	0.189452	0.258049	0.0645479	0.0233825	0.454742	0.00982702	0.242826	0.276164	0.142357	0.338652
2300	-15390.1	-15291.2	-98.9336	0.0375251	0.178998	0.303737	0.0528559	0.0217676	0.438953	0.00368901	0.24661	0.25293	0.155926	0.344533
2400	-15384.5	-15285.5	-98.9357	0.0375251	0.189451	0.242912	0.0546132	0.0253426	0.473697	0.013985	0.249268	0.267634	0.145498	0.3376
2500	-15392.2	-15293.3	-98.9344	0.0375251	0.184459	0.299205	0.0530769	0.0176016	0.43703	0.00862715	0.24668	0.26863	0.135592	0.349097
2600	-15384.5	-15285.5	-98.9318	0.0375251	0.189598	0.286256	0.0469233	0.0190551	0.441709	0.0164586	0.245615	0.259578	0.143763	0.351045
2700	-15382.7	-15283.8	-98.9366	0.0375251	0.173908	0.253048	0.0570554	0.0245362	0.485041	0.00641103	0.244332	0.264568	0.155421	0.335679
2800	-15383.4	-15284.5	-98.9338	0.0375251	0.164448	0.285953	0.0526302	0.0234166	0.459625	0.0139274	0.243727	0.265068	0.146013	0.345191
2900	-15384.8	-15285.8	-98.9323	0.0375251	0.180586	0.255555	0.0555578	0.0181093	0.482243	0.00794935	0.251536	0.253973	0.153673	0.340817
3000	-15389.1	-15290.1	-98.9375	0.0375251	0.186425	0.272595	0.0489965	0.0207301	0.461023	0.0102302	0.24452	0.268089	0.137859	0.349531
3100	-15385.9	-15286.9	-98.9387	0.0375251	0.181698	0.275219	0.0564264	0.0207321	0.458223	0.00770236	0.239309	0.276348	0.144734	0.339609
3200	-15384.3	-15285.3	-98.9358	0.0375251	0.190193	0.281885	0.0525244	0.0226451	0.437644	0.0151095	0.244952	0.272014	0.13873	0.344305
3300	-15392.7	-15293.7	-98.9388	0.0375251	0.2009	0.275373	0.0474395	0.0257815	0.439884	0.0106214	0.235858	0.264384	0.142435	0.357323
3400	-15383.6	-15284.6	-98.9361	0.0375251	0.169681	0.27215	0.0581041	0.0206996	0.467335	0.0120305	0.245186	0.262824	0.145572	0.346418
3500	-15390.6	-15291.7	-98.932	0.0375251	0.181973	0.286126	0.057479	0.0178468	0.444483	0.0120914	0.236331	0.272755	0.139648	0.351266
3600	-15383.3	-15284.4	-98.9348	0.0375251	0.193337	0.265059	0.0540566	0.0239453	0.451926	0.0116755	0.240463	0.262579	0.136871	0.360087
3700	-15387.9	-15289	-98.9327	0.0375251	0.202125	0.271632	0.0500525	0.02162	0.445895	0.00867539	0.225695	0.26012	0.152619	0.361566
3800	-15391.8	-15292.8	-98.937	0.0375251	0.183562	0.281489	0.0547156	0.0197438	0.455127	0.00536263	0.239459	0.273413	0.138903	0.348225
3900	-15383.7	-15284.8	-98.9382	0.0375251	0.178378	0.25741	0.0527843	0.0275009	0.471758	0.0121684	0.249814	0.266389	0.140226	0.343571
4000	-15386.4	-15287.5	-98.934	0.0375251	0.192445	0.26354	0.0514835	0.0341846	0.450818	0.00752932	0.251765	0.252368	0.146726	0.349141
4100	-15393.9	-15294.9	-98.9397	0.0375251	0.179394	0.268309	0.0500123	0.0244876	0.468076	0.0097207	0.23965	0.25316	0.151923	0.355267
4200	-15380.6	-15281.7	-98.9355	0.0375251	0.171817	0.28438	0.055433	0.021067	0.460363	0.00693967	0.245378	0.264805	0.147901	0.341916
4300	-15387	-15288.1	-98.9359	0.0375251	0.18355	0.249418	0.0466978	0.0200525	0.492568	0.00771402	0.25175	0.258594	0.14837	0.341285
4400	-15390.9	-15292	-98.9363	0.0375251	0.182669	0.254961	0.052088	0.0239874	0.473272	0.0130233	0.242638	0.25537	0.154584	0.347407
4500	-15384.4	-15285.4	-98.9343	0.0375251	0.189731	0.238409	0.0522592	0.0229449	0.488274	0.00838216	0.255851	0.245218	0.156234	0.342696
4600	-15385.3	-15286.4	-98.9356	0.0375251	0.183483	0.261167	0.0526545	0.0177922	0.471184	0.0137193	0.254051	0.2616	0.151347	0.333002
4700	-15386.3	-15287.3	-98.9316	0.0375251	0.197289	0.256678	0.0444946	0.0200416	0.472349	0.00914717	0.249717	0.25038	0.143674	0.356228
4800	-15388.1	-15289.1	-98.9394	0.0375251	0.179371	0.262665	0.0567366	0.0210667	0.470488	0.00967228	0.237683	0.273354	0.156865	0.332098
4900	-15386.1	-15287.1	-98.935	0.0375251	0.189743	0.276859	0.0514724	0.0285393	0.446598	0.00678785	0.244706	0.25856	0.146351	0.350383
5000	-15390.4	-15291.5	-98.9346	0.0375251	0.164568	0.281675	0.0633314	0.0225161	0.453787	0.0141227	0.250669	0.270362	0.139299	0.33967
5100	-15390.9	-15292	-98.9343	0.0375251	0.183057	0.253742	0.0557197	0.0274045	0.465192	0.0148846	0.241462	0.265272	0.158163	0.335103
5200	-15392.4	-15293.4	-98.938	0.0375251	0.189918	0.273701	0.0461765	0.0252218	0.455541	0.0094417	0.238295	0.258342	0.145867	0.357496
5300	-15384.3	-15285.4	-98.9347	0.0375251	0.187475	0.27744	0.0466689	0.017421	0.457193	0.0138016	0.245096	0.265493	0.139903	0.349508
5400	-15397.1	-15298.2	-98.9372	0.0375251	0.182355	0.281392	0.0561343	0.010899	0.453626	0.0155944	0.237216	0.267402	0.149863	0.345519
5500	-15387	-15288.1	-98.9324	0.0375251	0.190722	0.27835	0.0531631	0.020643	0.449633	0.00748956	0.239421	0.265536	0.145196	0.349847
5600	-15392.4	-15293.5	-98.9359	0.0375251	0.166441	0.270371	0.0567152	0.0292924	0.465909	0.0112715	0.257741	0.261196	0.140218	0.340846
5700	-15389.6	-15290.6	-98.9379	0.0375251	0.179691	0.254268	0.051399	0.0247256	0.476233	0.0136835	0.242867	0.271611	0.145988	0.339534
5800	-15386.2	-15287.3	-98.9352	0.0375251	0.177696	0.273017	0.0569761	0.0229183	0.459952	0.00944114	0.245335	0.2633	0.150795	0.340569
5900	-15386	-15287.1	-98.9365	0.0375251	0.187941	0.265684	0.0540313	0.0249988	0.45768	0.00966534	0.250144	0.263946	0.142292	0.343618
6000	-15391.8	-15292.9	-98.9355	0.0375251	0.179136	0.280687	0.0539442	0.0229268	0.449529	0.0137776	0.239928	0.272008	0.1454	0.342664
6100	-15388.8	-15289.9	-98.9361	0.0375251	0.193271	0.283241	0.0541134	0.01833	0.442931	0.00811394	0.240672	0.266144	0.142607	0.350576
6200	-15386.3	-15287.4	-98.9328	0.0375251	0.189188	0.246891	0.0587318	0.0215993	0.475805	0.00778412	0.242169	0.256559	0.163548	0.337724
6300	-15390.6	-15291.7	-98.9341	0.0375251	0.172595	0.26118	0.0541314	0.0221195	0.485376	0.00459781	0.243154	0.257001	0.155078	0.344767
6400	-15390.5	-15291.6	-98.9299	0.0375251	0.184779	0.294056	0.0537371	0.024755	0.437948	0.00472596	0.231951	0.264205	0.145737	0.358108
6500	-15382.4	-15283.5	-98.9324	0.0375251	0.193838	0.250835	0.0552972	0.0213266	0.466056	0.0126467	0.251304	0.252636	0.150883	0.345177
6600	-15388.7	-15289.7	-98.9344	0.0375251	0.193002	0.266678	0.0569806	0.0215356	0.453952	0.00785178	0.241525	0.261452	0.147854	0.349169
6700	-15383.6	-15284.7	-98.9336	0.0375251	0.190241	0.267249	0.0516814	0.0187167	0.462072	0.0100407	0.258592	0.262091	0.140269	0.339049
6800	-15386	-15287	-98.934	0.0375251	0.180962	0.261835	0.0598393	0.0150158	0.472671	0.00967617	0.243419	0.263433	0.154448	0.338701
6900	-15387.6	-15288.6	-98.9356	0.0375251	0.188639	0.251526	0.0657148	0.0132837	0.467519	0.0133176	0.234868	0.273291	0.15224	0.3396
7000	-15388.4	-15289.4	-98.9337	0.0375251	0.179623	0.244168	0.0584027	0.0220417	0.485679	0.0100851	0.249074	0.259769	0.149463	0.341694
7100	-15384.2	-15285.2	-98.9354	0.0375251	0.175759	0.275029	0.0520571	0.0209351	0.46432	0.0118992	0.245418	0.263181	0.150374	0.341027
7200	-15392.1	-15293.2	-98.9372	0.0375251	0.203686	0.257416	0.0564943	0.024467	0.450692	0.00724485	0.232992	0.255838	0.144283	0.366888
7300	-15384.6	-15285.7	-98.9334	0.0375251	0.18949	0.274298	0.0576659	0.021116	0.450028	0.00740209	0.243135	0.273826	0.145638	0.337401
7400	-15386.5	-15287.6	-98.9362	0.0375251	0.187535	0.271062	0.0558833	0.0223115	0.457827	0.00538026	0.237091	0.259434	0.141884	0.361592
7500	-15383.4	-15284.5	-98.9334	0.0375251	0.175186	0.266575	0.0582896	0.0179322	0.473779	0.0082386	0.247809	0.255834	0.157874	0.338484
7600	-15389.7	-15290.8	-98.9322	0.0375251	0.191295	0.266853	0.0513921	0.0212004	0.453911	0.0153488	0.254099	0.250404	0.145988	0.349509
7700	-15384.3	-15285.3	-98.9353	0.0375251	0.193428	0.236444	0.0495418	0.0224652	0.486703	0.0114172	0.251379	0.25583	0.149186	0.343605
7800	-15388.2	-15289.3	-98.9371	0.0375251	0.17896	0.278946	0.047959	0.0228789	0.462946	0.00830925	0.241488	0.268279	0.143682	0.346551
7900	-15393.5	-15294.6	-98.9398	0.0375251	0.180054	0.276705	0.0515316	0.0195407	0.457488	0.0146804	0.248792	0.264533	0.146135	0.34054
8000	-15392.1	-15293.2	-98.9366	0.0375251	0.179637	0.278218	0.0563259	0.0165711	0.460191	0.00905695	0.255339	0.263435	0.145325	0.335902
8100	-15393.5	-15294.5	-98.9387	0.0375251	0.163154	0.281644	0.0498145	0.0207628	0.471366	0.0132588	0.250963	0.27439	0.147236	0.327411
8200	-15394.8	-15295.9	-98.9354	0.0375251	0.169369	0.232731	0.0544343	0.0266241	0.505018	0.0118235	0.256696	0.261345	0.152624	0.329335
8300	-15388.6	-15289.6	-98.9344	0.0375251	0.173692	0.263351	0.0603236	0.0275962	0.464613	0.0104249	0.255583	0.261315	0.14998	0.333121
8400	-15383.8	-15284.9	-98.9355	0.0375251	0.189331	0.258573	0.0495832	0.0227994	0.472401	0.0073125	0.249874	0.258311	0.149321	0.342494
8500	-15388.1	-15289.2	-98.9323	0.0375251	0.192566	0.279357	0.0545129	0.0193652	0.445056	0.00914277	0.23729	0.255098	0.149784	0.357828
8600	-15387	-15288	-98.9356	0.0375251	0.182428	0.244474	0.0493139	0.0289163	0.48506	0.00980757	0.24212	0.259997	0.156718	0.341165
8700	-15382.8	-15283.9	-98.9347	0.0375251	0.184391	0.26352	0.0488335	0.0156031	0.476263	0.0113895	0.248594	0.258576	0.152916	0.339914
8800	-15392.6	-15293.6	-98.9335	0.0375251	0.194059	0.253431	0.0495623	0.0251165	0.466726	0.0111047	0.241974	0.260599	0.13992	0.357507
8900	-15387	-15288.1	-98.9359	0.0375251	0.190209	0.247405	0.0620579	0.0249965	0.465657	0.00967458	0.243955	0.262042	0.154457	0.339546
9000	-15388.9	-15289.9	-98.9313	0.0375251	0.19862	0.261114	0.0469409	0.0202407	0.460057	0.0130275	0.242987	0.260513	0.138414	0.358086
9100	-15394.7	-15295.8	-98.939	0.0375251	0.177214	0.27099	0.0510444	0.0179434	0.47232	0.0104881	0.242669	0.264968	0.142934	0.349429
9200	-15391.9	-15293	-98.9348	0.0375251	0.193499	0.24083	0.0515041	0.0213952	0.474092	0.0186796	0.242039	0.259464	0.152431	0.346066
9300	-15405	-15306.1	-98.9446	0.0375251	0.164474	0.289553	0.0575036	0.0173774	0.460821	0.0102703	0.250623	0.270697	0.127597	0.351084
9400	-15390.3	-15291.4	-98.9364	0.0375251	0.188649	0.258135	0.0541747	0.0201222	0.472518	0.00640065	0.248022	0.244797	0.151487	0.355694
9500	-15390.2	-15291.3	-98.9377	0.0375251	0.187734	0.25316	0.057562	0.0243565	0.468327	0.00886035	0.235127	0.266257	0.154561	0.344055
9600	-15386.1	-15287.1	-98.9334	0.0375251	0.190076	0.256793	0.0584847	0.0219545	0.45992	0.0127718	0.247312	0.262889	0.1453	0.344499
9700	-15402.2	-15303.2	-98.9365	0.0375251	0.180371	0.288443	0.0421938	0.0158692	0.467118	0.00600586	0.23747	0.269457	0.139719	0.353354
9800	-15394	-15295.1	-98.9378	0.0375251	0.171373	0.24894	0.0575547	0.0195856	0.489157	0.0133887	0.260645	0.258331	0.142036	0.338988
9900	-15393	-15294.1	-98.9389	0.0375251	0.170083	0.251489	0.0595356	0.0199234	0.484723	0.014246	0.249228	0.268782	0.151487	0.330504
10000	-15387.2	-15288.2	-98.9374	0.0375251	0.171623	0.272356	0.0504275	0.0229215	0.471491	0.0111813	0.244872	0.259455	0.152364	0.343309
